<?xml version="1.0" encoding="UTF-8"?>
<testng-results ignored="4" total="34" passed="30" failed="0" skipped="0">
  <reporter-output>
  </reporter-output>
  <suite started-at="2021-12-10T17:52:34 IST" name="BITS Automation" finished-at="2021-12-10T17:54:56 IST" duration-ms="142344">
    <groups>
    </groups>
    <test started-at="2021-12-10T17:52:34 IST" name="Login" finished-at="2021-12-10T17:54:56 IST" duration-ms="142344">
      <class name="testCases.Login">
        <test-method is-config="true" signature="launchBrowser()[pri:0, instance:testCases.Login@793f29ff]" started-at="2021-12-10T17:52:28 IST" name="launchBrowser" finished-at="2021-12-10T17:52:34 IST" duration-ms="5536" status="PASS">
          <reporter-output>
          </reporter-output>
        </test-method> <!-- launchBrowser -->
        <test-method signature="ValidUserandInvalidPass()[pri:0, instance:testCases.Login@793f29ff]" started-at="2021-12-10T17:52:34 IST" name="ValidUserandInvalidPass" finished-at="2021-12-10T17:52:34 IST" duration-ms="83" status="PASS">
          <reporter-output>
          </reporter-output>
        </test-method> <!-- ValidUserandInvalidPass -->
        <test-method signature="InvalidUserIdandPassword()[pri:1, instance:testCases.Login@793f29ff]" started-at="2021-12-10T17:52:34 IST" name="InvalidUserIdandPassword" finished-at="2021-12-10T17:52:46 IST" duration-ms="12377" status="PASS">
          <reporter-output>
          </reporter-output>
        </test-method> <!-- InvalidUserIdandPassword -->
        <test-method signature="ValidUserIdandPassword()[pri:2, instance:testCases.Login@793f29ff]" started-at="2021-12-10T17:52:46 IST" name="ValidUserIdandPassword" finished-at="2021-12-10T17:52:59 IST" duration-ms="12285" status="PASS">
          <reporter-output>
          </reporter-output>
        </test-method> <!-- ValidUserIdandPassword -->
        <test-method is-config="true" signature="tearDown()[pri:0, instance:testCases.Login@793f29ff]" started-at="2021-12-10T17:54:56 IST" name="tearDown" finished-at="2021-12-10T17:54:59 IST" duration-ms="2301" status="PASS">
          <reporter-output>
          </reporter-output>
        </test-method> <!-- tearDown -->
      </class> <!-- testCases.Login -->
      <class name="testCases.Logout">
        <test-method signature="Signout()[pri:0, instance:testCases.Logout@58cbafc2]" started-at="2021-12-10T17:54:51 IST" name="Signout" finished-at="2021-12-10T17:54:56 IST" duration-ms="5491" status="PASS">
          <reporter-output>
          </reporter-output>
        </test-method> <!-- Signout -->
      </class> <!-- testCases.Logout -->
      <class name="testCases.AdminRole_Dashboard">
        <test-method signature="ClickRecord()[pri:0, instance:testCases.AdminRole_Dashboard@1ca3b418]" started-at="2021-12-10T17:52:59 IST" name="ClickRecord" finished-at="2021-12-10T17:53:03 IST" duration-ms="4718" status="PASS">
          <reporter-output>
          </reporter-output>
        </test-method> <!-- ClickRecord -->
        <test-method signature="VerifyDashboardpage()[pri:1, instance:testCases.AdminRole_Dashboard@1ca3b418]" started-at="2021-12-10T17:53:03 IST" name="VerifyDashboardpage" finished-at="2021-12-10T17:53:08 IST" duration-ms="4070" status="PASS">
          <reporter-output>
          </reporter-output>
        </test-method> <!-- VerifyDashboardpage -->
        <test-method signature="VerifyPracticeSchool()[pri:2, instance:testCases.AdminRole_Dashboard@1ca3b418]" started-at="2021-12-10T17:53:08 IST" name="VerifyPracticeSchool" finished-at="2021-12-10T17:53:12 IST" duration-ms="4203" status="PASS">
          <reporter-output>
          </reporter-output>
        </test-method> <!-- VerifyPracticeSchool -->
        <test-method signature="VerifySemester()[pri:3, instance:testCases.AdminRole_Dashboard@1ca3b418]" started-at="2021-12-10T17:53:12 IST" name="VerifySemester" finished-at="2021-12-10T17:53:16 IST" duration-ms="4263" status="PASS">
          <reporter-output>
          </reporter-output>
        </test-method> <!-- VerifySemester -->
        <test-method signature="VerifyCurrentBatch()[pri:4, instance:testCases.AdminRole_Dashboard@1ca3b418]" started-at="2021-12-10T17:53:16 IST" name="VerifyCurrentBatch" finished-at="2021-12-10T17:53:20 IST" duration-ms="4200" status="PASS">
          <reporter-output>
          </reporter-output>
        </test-method> <!-- VerifyCurrentBatch -->
        <test-method signature="VerifyTotalStudents()[pri:5, instance:testCases.AdminRole_Dashboard@1ca3b418]" started-at="2021-12-10T17:53:20 IST" name="VerifyTotalStudents" finished-at="2021-12-10T17:53:24 IST" duration-ms="4117" status="PASS">
          <reporter-output>
          </reporter-output>
        </test-method> <!-- VerifyTotalStudents -->
        <test-method signature="VerifyAllottedStudents()[pri:7, instance:testCases.AdminRole_Dashboard@1ca3b418]" started-at="2021-12-10T17:53:24 IST" name="VerifyAllottedStudents" finished-at="2021-12-10T17:53:28 IST" duration-ms="4132" status="PASS">
          <reporter-output>
          </reporter-output>
        </test-method> <!-- VerifyAllottedStudents -->
        <test-method signature="VerifyAllottedOrganizations()[pri:8, instance:testCases.AdminRole_Dashboard@1ca3b418]" started-at="2021-12-10T17:53:28 IST" name="VerifyAllottedOrganizations" finished-at="2021-12-10T17:53:33 IST" duration-ms="4092" status="PASS">
          <reporter-output>
          </reporter-output>
        </test-method> <!-- VerifyAllottedOrganizations -->
        <test-method signature="VerifyOrganizationsAnnounced()[pri:9, instance:testCases.AdminRole_Dashboard@1ca3b418]" started-at="2021-12-10T17:53:33 IST" name="VerifyOrganizationsAnnounced" finished-at="2021-12-10T17:53:37 IST" duration-ms="4098" status="PASS">
          <reporter-output>
          </reporter-output>
        </test-method> <!-- VerifyOrganizationsAnnounced -->
        <test-method signature="VerifyCoreDiscipline()[pri:10, instance:testCases.AdminRole_Dashboard@1ca3b418]" started-at="2021-12-10T17:53:37 IST" name="VerifyCoreDiscipline" finished-at="2021-12-10T17:53:41 IST" duration-ms="4122" status="PASS">
          <reporter-output>
          </reporter-output>
        </test-method> <!-- VerifyCoreDiscipline -->
        <test-method signature="VerifyNonCoreDiscipline()[pri:11, instance:testCases.AdminRole_Dashboard@1ca3b418]" started-at="2021-12-10T17:53:41 IST" name="VerifyNonCoreDiscipline" finished-at="2021-12-10T17:53:45 IST" duration-ms="4093" status="PASS">
          <reporter-output>
          </reporter-output>
        </test-method> <!-- VerifyNonCoreDiscipline -->
        <test-method signature="VerifyTop5Preferences()[pri:12, instance:testCases.AdminRole_Dashboard@1ca3b418]" started-at="2021-12-10T17:53:45 IST" name="VerifyTop5Preferences" finished-at="2021-12-10T17:53:49 IST" duration-ms="4156" status="PASS">
          <reporter-output>
          </reporter-output>
        </test-method> <!-- VerifyTop5Preferences -->
        <test-method signature="VerifyStationsParticipated()[pri:13, instance:testCases.AdminRole_Dashboard@1ca3b418]" started-at="2021-12-10T17:53:49 IST" name="VerifyStationsParticipated" finished-at="2021-12-10T17:53:53 IST" duration-ms="4120" status="PASS">
          <reporter-output>
          </reporter-output>
        </test-method> <!-- VerifyStationsParticipated -->
        <test-method signature="VerifyAnnouncedStations()[pri:14, instance:testCases.AdminRole_Dashboard@1ca3b418]" started-at="2021-12-10T17:53:53 IST" name="VerifyAnnouncedStations" finished-at="2021-12-10T17:53:57 IST" duration-ms="4103" status="PASS">
          <reporter-output>
          </reporter-output>
        </test-method> <!-- VerifyAnnouncedStations -->
        <test-method signature="VerifyStationsAllotted()[pri:15, instance:testCases.AdminRole_Dashboard@1ca3b418]" started-at="2021-12-10T17:53:57 IST" name="VerifyStationsAllotted" finished-at="2021-12-10T17:54:01 IST" duration-ms="4111" status="PASS">
          <reporter-output>
          </reporter-output>
        </test-method> <!-- VerifyStationsAllotted -->
        <test-method signature="VerifyTotalRequirements()[pri:16, instance:testCases.AdminRole_Dashboard@1ca3b418]" started-at="2021-12-10T17:54:01 IST" name="VerifyTotalRequirements" finished-at="2021-12-10T17:54:05 IST" duration-ms="4086" status="PASS">
          <reporter-output>
          </reporter-output>
        </test-method> <!-- VerifyTotalRequirements -->
        <test-method signature="VerifyTotalAllotted()[pri:17, instance:testCases.AdminRole_Dashboard@1ca3b418]" started-at="2021-12-10T17:54:05 IST" name="VerifyTotalAllotted" finished-at="2021-12-10T17:54:10 IST" duration-ms="4099" status="PASS">
          <reporter-output>
          </reporter-output>
        </test-method> <!-- VerifyTotalAllotted -->
        <test-method signature="VerifyStipendHighest()[pri:18, instance:testCases.AdminRole_Dashboard@1ca3b418]" started-at="2021-12-10T17:54:10 IST" name="VerifyStipendHighest" finished-at="2021-12-10T17:54:16 IST" duration-ms="6229" status="PASS">
          <reporter-output>
          </reporter-output>
        </test-method> <!-- VerifyStipendHighest -->
        <test-method signature="VerifyStipendAverage()[pri:19, instance:testCases.AdminRole_Dashboard@1ca3b418]" started-at="2021-12-10T17:54:16 IST" name="VerifyStipendAverage" finished-at="2021-12-10T17:54:20 IST" duration-ms="4112" status="PASS">
          <reporter-output>
          </reporter-output>
        </test-method> <!-- VerifyStipendAverage -->
        <test-method signature="VerifyStipendMedian()[pri:19, instance:testCases.AdminRole_Dashboard@1ca3b418]" started-at="2021-12-10T17:54:20 IST" name="VerifyStipendMedian" finished-at="2021-12-10T17:54:24 IST" duration-ms="4127" status="PASS">
          <reporter-output>
          </reporter-output>
        </test-method> <!-- VerifyStipendMedian -->
        <test-method signature="VerifyStipendLowest()[pri:20, instance:testCases.AdminRole_Dashboard@1ca3b418]" started-at="2021-12-10T17:54:24 IST" name="VerifyStipendLowest" finished-at="2021-12-10T17:54:28 IST" duration-ms="4112" status="PASS">
          <reporter-output>
          </reporter-output>
        </test-method> <!-- VerifyStipendLowest -->
        <test-method signature="VerifyFacultyTotal()[pri:21, instance:testCases.AdminRole_Dashboard@1ca3b418]" started-at="2021-12-10T17:54:28 IST" name="VerifyFacultyTotal" finished-at="2021-12-10T17:54:34 IST" duration-ms="6216" status="PASS">
          <reporter-output>
          </reporter-output>
        </test-method> <!-- VerifyFacultyTotal -->
        <test-method signature="VerifyFacultyOnCampus()[pri:22, instance:testCases.AdminRole_Dashboard@1ca3b418]" started-at="2021-12-10T17:54:34 IST" name="VerifyFacultyOnCampus" finished-at="2021-12-10T17:54:38 IST" duration-ms="4086" status="PASS">
          <reporter-output>
          </reporter-output>
        </test-method> <!-- VerifyFacultyOnCampus -->
        <test-method signature="VerifyFacultyOffCampus()[pri:23, instance:testCases.AdminRole_Dashboard@1ca3b418]" started-at="2021-12-10T17:54:38 IST" name="VerifyFacultyOffCampus" finished-at="2021-12-10T17:54:43 IST" duration-ms="4135" status="PASS">
          <reporter-output>
          </reporter-output>
        </test-method> <!-- VerifyFacultyOffCampus -->
        <test-method signature="VerifyFacultyAllotted()[pri:24, instance:testCases.AdminRole_Dashboard@1ca3b418]" started-at="2021-12-10T17:54:43 IST" name="VerifyFacultyAllotted" finished-at="2021-12-10T17:54:47 IST" duration-ms="4104" status="PASS">
          <reporter-output>
          </reporter-output>
        </test-method> <!-- VerifyFacultyAllotted -->
        <test-method signature="VerifyFacultyAvailable()[pri:25, instance:testCases.AdminRole_Dashboard@1ca3b418]" started-at="2021-12-10T17:54:47 IST" name="VerifyFacultyAvailable" finished-at="2021-12-10T17:54:51 IST" duration-ms="4084" status="PASS">
          <reporter-output>
          </reporter-output>
        </test-method> <!-- VerifyFacultyAvailable -->
      </class> <!-- testCases.AdminRole_Dashboard -->
    </test> <!-- Login -->
  </suite> <!-- BITS Automation -->
</testng-results>
